<?xml version="1.0" encoding="UTF-8"?>
<!-- Generated by org.testng.reporters.JUnitReportReporter -->
<testsuite hostname="LTIN488142" failures="0" tests="2" name="TestNG.NewTestNG" time="0.010" errors="0" timestamp="2024-03-20T10:14:31 IST" skipped="0">
  <testcase classname="TestNG.NewTestNG" name="test1" time="0.009"/>
  <testcase classname="TestNG.NewTestNG" name="test2" time="0.001"/>
</testsuite> <!-- TestNG.NewTestNG -->
