<?xml version="1.0" encoding="UTF-8"?>
<!-- Generated by org.testng.reporters.JUnitReportReporter -->
<testsuite hostname="LTIN488142" failures="0" tests="7" name="testCases.TC_001_Test_Cases" time="155.297" errors="0" timestamp="2024-03-27T09:22:03 IST" skipped="0">
  <testcase classname="testCases.TC_001_Test_Cases" name="navigatePage" time="2.428"/>
  <system-out/>
  <testcase classname="testCases.TC_001_Test_Cases" name="validateUser" time="14.700"/>
  <system-out/>
  <testcase classname="testCases.TC_001_Test_Cases" name="validationOfAroundCognizant" time="0.224"/>
  <system-out/>
  <testcase classname="testCases.TC_001_Test_Cases" name="newsAroundCognizantFirstPage" time="5.384"/>
  <system-out/>
  <testcase classname="testCases.TC_001_Test_Cases" name="clickSeeAll" time="8.177"/>
  <system-out/>
  <testcase classname="testCases.TC_001_Test_Cases" name="SecondPage" time="5.376"/>
  <system-out/>
  <testcase classname="testCases.TC_001_Test_Cases" name="top5News" time="119.008"/>
  <system-out/>
</testsuite> <!-- testCases.TC_001_Test_Cases -->
